<?xml version="1.0" encoding="UTF-8"?>
<!-- Generated by org.testng.reporters.JUnitXMLReporter -->
<testsuite ignored="6" hostname="DESKTOP-CC15419" failures="0" tests="4" name="Test" time="16.408" errors="0" timestamp="2022-01-01T07:43:30 PST">
  <testcase classname="Practice.Self.verifyTitle" name="title" time="16.27"/>
  <testcase classname="Practice.Self.GroupsTestNG" name="profilepic" time="0.003"/>
  <testcase classname="Practice.Self.GroupsTestNG" name="profilepostarticle" time="0.007"/>
  <testcase classname="Practice.Self.GroupsTestNG" name="login" time="0.005"/>
  <testcase classname="Practice.Self.TestNgLog" name="clogin" time="0.0">
    <ignored/>
  </testcase> <!-- clogin -->
  <testcase classname="Practice.Self.TestNgLog" name="blogin" time="0.0">
    <ignored/>
  </testcase> <!-- blogin -->
  <testcase classname="Practice.Self.GroupsTestNG" name="logout" time="0.0">
    <ignored/>
  </testcase> <!-- logout -->
  <testcase classname="Practice.Self.TestNgLog" name="alogout" time="0.0">
    <ignored/>
  </testcase> <!-- alogout -->
  <testcase classname="Practice.Self.TestNgLog" name="dlogin" time="0.0">
    <ignored/>
  </testcase> <!-- dlogin -->
  <testcase classname="Practice.Self.verifyTitle" name="wrongtitle" time="0.0">
    <ignored/>
  </testcase> <!-- wrongtitle -->
</testsuite> <!-- Test -->
