<?xml version="1.0" encoding="UTF-8"?>
<!-- Generated by org.testng.reporters.JUnitXMLReporter -->
<testsuite ignored="6" hostname="TomTom" failures="0" tests="4" name="Test" time="7.073" errors="0" timestamp="2021-12-04T18:06:56 PKT">
  <testcase classname="Practice.Self.verifyTitle" name="title" time="6.974"/>
  <testcase classname="Practice.Self.GroupsTestNG" name="profilepic" time="0.002"/>
  <testcase classname="Practice.Self.GroupsTestNG" name="profilepostarticle" time="0.002"/>
  <testcase classname="Practice.Self.GroupsTestNG" name="login" time="0.001"/>
  <testcase classname="Practice.Self.TestNgLog" name="clogin" time="0.0">
    <ignored/>
  </testcase> <!-- clogin -->
  <testcase classname="Practice.Self.TestNgLog" name="blogin" time="0.0">
    <ignored/>
  </testcase> <!-- blogin -->
  <testcase classname="Practice.Self.GroupsTestNG" name="logout" time="0.0">
    <ignored/>
  </testcase> <!-- logout -->
  <testcase classname="Practice.Self.TestNgLog" name="alogout" time="0.0">
    <ignored/>
  </testcase> <!-- alogout -->
  <testcase classname="Practice.Self.TestNgLog" name="dlogin" time="0.0">
    <ignored/>
  </testcase> <!-- dlogin -->
  <testcase classname="Practice.Self.verifyTitle" name="wrongtitle" time="0.0">
    <ignored/>
  </testcase> <!-- wrongtitle -->
</testsuite> <!-- Test -->
