<?xml version="1.0" encoding="UTF-8"?>
<testng-results ignored="0" total="1" passed="1" failed="0" skipped="0">
  <reporter-output>
  </reporter-output>
  <suite started-at="2021-12-04T18:33:22 PKT" name="Default suite" finished-at="2021-12-04T18:33:34 PKT" duration-ms="12251">
    <groups>
    </groups>
    <test started-at="2021-12-04T18:33:22 PKT" name="Default test" finished-at="2021-12-04T18:33:34 PKT" duration-ms="12251">
      <class name="ExtentReport.extentReportDemo">
        <test-method is-config="true" signature="config()[pri:0, instance:ExtentReport.extentReportDemo@4a7f959b]" started-at="2021-12-04T18:33:22 PKT" name="config" finished-at="2021-12-04T18:33:23 PKT" duration-ms="472" status="PASS">
          <reporter-output>
          </reporter-output>
        </test-method> <!-- config -->
        <test-method signature="intialDemo()[pri:0, instance:ExtentReport.extentReportDemo@4a7f959b]" started-at="2021-12-04T18:33:23 PKT" name="intialDemo" finished-at="2021-12-04T18:33:34 PKT" duration-ms="11721" status="PASS">
          <reporter-output>
          </reporter-output>
        </test-method> <!-- intialDemo -->
      </class> <!-- ExtentReport.extentReportDemo -->
    </test> <!-- Default test -->
  </suite> <!-- Default suite -->
</testng-results>
